#! /ucrt64/bin/vvp
:ivl_version "13.0 (stable)" "(v13_0)";
:ivl_delay_selection "TYPICAL";
:vpi_time_precision - 12;
:vpi_module "C:\msys64\ucrt64\lib\ivl\system.vpi";
:vpi_module "C:\msys64\ucrt64\lib\ivl\vhdl_sys.vpi";
:vpi_module "C:\msys64\ucrt64\lib\ivl\vhdl_textio.vpi";
:vpi_module "C:\msys64\ucrt64\lib\ivl\v2005_math.vpi";
:vpi_module "C:\msys64\ucrt64\lib\ivl\va_math.vpi";
S_0000015106f09350 .scope module, "data_memory_tb" "data_memory_tb" 2 3;
 .timescale -9 -12;
v0000015106f058c0_0 .var "address", 31 0;
v0000015106f04f60_0 .var "clk", 0 0;
v0000015106f049c0_0 .var "mem_read", 0 0;
v0000015106f051e0_0 .var "mem_write", 0 0;
v0000015106f05000_0 .net "read_data", 31 0, L_0000015106f050a0;  1 drivers
v0000015106f04a60_0 .var "write_data", 31 0;
S_0000015106f094e0 .scope module, "dut" "data_memory" 2 15, 3 1 0, S_0000015106f09350;
 .timescale 0 0;
    .port_info 0 /INPUT 1 "clk";
    .port_info 1 /INPUT 1 "mem_read";
    .port_info 2 /INPUT 1 "mem_write";
    .port_info 3 /INPUT 32 "address";
    .port_info 4 /INPUT 32 "write_data";
    .port_info 5 /OUTPUT 32 "read_data";
v0000015106f09710_0 .net *"_ivl_2", 31 0, L_0000015106f04d80;  1 drivers
v0000015106ecdb60_0 .net *"_ivl_4", 9 0, L_0000015106f04e20;  1 drivers
L_0000015106fa0088 .functor BUFT 1, C4<00>, C4<0>, C4<0>, C4<0>;
v0000015106f05820_0 .net *"_ivl_7", 1 0, L_0000015106fa0088;  1 drivers
L_0000015106fa00d0 .functor BUFT 1, C4<00000000000000000000000000000000>, C4<0>, C4<0>, C4<0>;
v0000015106f05640_0 .net/2u *"_ivl_8", 31 0, L_0000015106fa00d0;  1 drivers
v0000015106f053c0_0 .net "address", 31 0, v0000015106f058c0_0;  1 drivers
v0000015106f04b00_0 .net "clk", 0 0, v0000015106f04f60_0;  1 drivers
v0000015106f04c40_0 .net "index", 7 0, L_0000015106f04ce0;  1 drivers
v0000015106f04ba0_0 .net "mem_read", 0 0, v0000015106f049c0_0;  1 drivers
v0000015106f05780_0 .net "mem_write", 0 0, v0000015106f051e0_0;  1 drivers
v0000015106f05320 .array "memory", 255 0, 31 0;
v0000015106f056e0_0 .net "read_data", 31 0, L_0000015106f050a0;  alias, 1 drivers
v0000015106f04ec0_0 .net "write_data", 31 0, v0000015106f04a60_0;  1 drivers
E_0000015106f0f3b0 .event posedge, v0000015106f04b00_0;
L_0000015106f04ce0 .part v0000015106f058c0_0, 2, 8;
L_0000015106f04d80 .array/port v0000015106f05320, L_0000015106f04e20;
L_0000015106f04e20 .concat [ 8 2 0 0], L_0000015106f04ce0, L_0000015106fa0088;
L_0000015106f050a0 .functor MUXZ 32, L_0000015106fa00d0, L_0000015106f04d80, v0000015106f049c0_0, C4<>;
    .scope S_0000015106f094e0;
T_0 ;
    %wait E_0000015106f0f3b0;
    %load/vec4 v0000015106f05780_0;
    %flag_set/vec4 8;
    %jmp/0xz  T_0.0, 8;
    %load/vec4 v0000015106f04ec0_0;
    %load/vec4 v0000015106f04c40_0;
    %pad/u 10;
    %ix/vec4 3;
    %ix/load 4, 0, 0; Constant delay
    %assign/vec4/a/d v0000015106f05320, 0, 4;
T_0.0 ;
    %jmp T_0;
    .thread T_0;
    .scope S_0000015106f09350;
T_1 ;
    %delay 5000, 0;
    %load/vec4 v0000015106f04f60_0;
    %inv;
    %store/vec4 v0000015106f04f60_0, 0, 1;
    %jmp T_1;
    .thread T_1;
    .scope S_0000015106f09350;
T_2 ;
    %pushi/vec4 0, 0, 1;
    %store/vec4 v0000015106f04f60_0, 0, 1;
    %pushi/vec4 0, 0, 1;
    %store/vec4 v0000015106f049c0_0, 0, 1;
    %pushi/vec4 0, 0, 1;
    %store/vec4 v0000015106f051e0_0, 0, 1;
    %pushi/vec4 0, 0, 32;
    %store/vec4 v0000015106f058c0_0, 0, 32;
    %pushi/vec4 0, 0, 32;
    %store/vec4 v0000015106f04a60_0, 0, 32;
    %vpi_call 2 36 "$dumpfile", "wave.vcd" {0 0 0};
    %vpi_call 2 37 "$dumpvars", 32'sb00000000000000000000000000000000, S_0000015106f09350 {0 0 0};
    %pushi/vec4 0, 0, 32;
    %store/vec4 v0000015106f058c0_0, 0, 32;
    %pushi/vec4 55, 0, 32;
    %store/vec4 v0000015106f04a60_0, 0, 32;
    %pushi/vec4 1, 0, 1;
    %store/vec4 v0000015106f051e0_0, 0, 1;
    %delay 10000, 0;
    %pushi/vec4 0, 0, 1;
    %store/vec4 v0000015106f051e0_0, 0, 1;
    %pushi/vec4 1, 0, 1;
    %store/vec4 v0000015106f049c0_0, 0, 1;
    %delay 10000, 0;
    %pushi/vec4 0, 0, 1;
    %store/vec4 v0000015106f049c0_0, 0, 1;
    %pushi/vec4 4, 0, 32;
    %store/vec4 v0000015106f058c0_0, 0, 32;
    %pushi/vec4 1234, 0, 32;
    %store/vec4 v0000015106f04a60_0, 0, 32;
    %pushi/vec4 1, 0, 1;
    %store/vec4 v0000015106f051e0_0, 0, 1;
    %delay 10000, 0;
    %pushi/vec4 0, 0, 1;
    %store/vec4 v0000015106f051e0_0, 0, 1;
    %pushi/vec4 1, 0, 1;
    %store/vec4 v0000015106f049c0_0, 0, 1;
    %delay 10000, 0;
    %pushi/vec4 0, 0, 1;
    %store/vec4 v0000015106f049c0_0, 0, 1;
    %pushi/vec4 0, 0, 32;
    %store/vec4 v0000015106f058c0_0, 0, 32;
    %pushi/vec4 999, 0, 32;
    %store/vec4 v0000015106f04a60_0, 0, 32;
    %pushi/vec4 1, 0, 1;
    %store/vec4 v0000015106f051e0_0, 0, 1;
    %delay 10000, 0;
    %pushi/vec4 0, 0, 1;
    %store/vec4 v0000015106f051e0_0, 0, 1;
    %pushi/vec4 1, 0, 1;
    %store/vec4 v0000015106f049c0_0, 0, 1;
    %delay 10000, 0;
    %pushi/vec4 0, 0, 1;
    %store/vec4 v0000015106f049c0_0, 0, 1;
    %delay 10000, 0;
    %vpi_call 2 91 "$finish" {0 0 0};
    %end;
    .thread T_2;
# The file index is used to find the file name in the following table.
:file_names 4;
    "N/A";
    "<interactive>";
    "sim/data_memory_tb.v";
    "rtl/data_memory.v";
